C:\Users\andre\source\repos\TaskManager\client\dist\out-tsc\app\app.component.js
C:\Users\andre\source\repos\TaskManager\client\dist\out-tsc\app\app.component.js.map
C:\Users\andre\source\repos\TaskManager\client\dist\out-tsc\app\shared\Task.js
C:\Users\andre\source\repos\TaskManager\client\dist\out-tsc\app\shared\Task.js.map
C:\Users\andre\source\repos\TaskManager\client\dist\out-tsc\app\shared\Project.js
C:\Users\andre\source\repos\TaskManager\client\dist\out-tsc\app\shared\Project.js.map
C:\Users\andre\source\repos\TaskManager\client\dist\out-tsc\app\shared\LoginResults.js
C:\Users\andre\source\repos\TaskManager\client\dist\out-tsc\app\shared\LoginResults.js.map
C:\Users\andre\source\repos\TaskManager\client\dist\out-tsc\app\shared\Worker.js
C:\Users\andre\source\repos\TaskManager\client\dist\out-tsc\app\shared\Worker.js.map
C:\Users\andre\source\repos\TaskManager\client\dist\out-tsc\app\services\storage.service.js
C:\Users\andre\source\repos\TaskManager\client\dist\out-tsc\app\services\storage.service.js.map
C:\Users\andre\source\repos\TaskManager\client\dist\out-tsc\app\pages\login-page.component.js
C:\Users\andre\source\repos\TaskManager\client\dist\out-tsc\app\pages\login-page.component.js.map
C:\Users\andre\source\repos\TaskManager\client\dist\out-tsc\app\pages\register.component.js
C:\Users\andre\source\repos\TaskManager\client\dist\out-tsc\app\pages\register.component.js.map
C:\Users\andre\source\repos\TaskManager\client\dist\out-tsc\app\pages\home.component.js
C:\Users\andre\source\repos\TaskManager\client\dist\out-tsc\app\pages\home.component.js.map
C:\Users\andre\source\repos\TaskManager\client\dist\out-tsc\app\pages\work-page.component.js
C:\Users\andre\source\repos\TaskManager\client\dist\out-tsc\app\pages\work-page.component.js.map
C:\Users\andre\source\repos\TaskManager\client\dist\out-tsc\app\services\auth-activated.service.js
C:\Users\andre\source\repos\TaskManager\client\dist\out-tsc\app\services\auth-activated.service.js.map
C:\Users\andre\source\repos\TaskManager\client\dist\out-tsc\app\services\AuthActivateService.js
C:\Users\andre\source\repos\TaskManager\client\dist\out-tsc\app\services\AuthActivateService.js.map
C:\Users\andre\source\repos\TaskManager\client\dist\out-tsc\app\router\index.js
C:\Users\andre\source\repos\TaskManager\client\dist\out-tsc\app\router\index.js.map
C:\Users\andre\source\repos\TaskManager\client\dist\out-tsc\app\shared\header\header.component.js
C:\Users\andre\source\repos\TaskManager\client\dist\out-tsc\app\shared\header\header.component.js.map
C:\Users\andre\source\repos\TaskManager\client\dist\out-tsc\app\app.module.js
C:\Users\andre\source\repos\TaskManager\client\dist\out-tsc\app\app.module.js.map
C:\Users\andre\source\repos\TaskManager\client\dist\out-tsc\environments\environment.js
C:\Users\andre\source\repos\TaskManager\client\dist\out-tsc\environments\environment.js.map
C:\Users\andre\source\repos\TaskManager\client\dist\out-tsc\main.js
C:\Users\andre\source\repos\TaskManager\client\dist\out-tsc\main.js.map
C:\Users\andre\source\repos\TaskManager\client\dist\out-tsc\polyfills.js
C:\Users\andre\source\repos\TaskManager\client\dist\out-tsc\polyfills.js.map
C:\Users\andre\source\repos\TaskManager\client\dist\out-tsc\test.js
C:\Users\andre\source\repos\TaskManager\client\dist\out-tsc\test.js.map
C:\Users\andre\source\repos\TaskManager\client\dist\out-tsc\app\app.component.spec.js
C:\Users\andre\source\repos\TaskManager\client\dist\out-tsc\app\app.component.spec.js.map
C:\Users\andre\source\repos\TaskManager\client\dist\out-tsc\app\pages\home.component.spec.js
C:\Users\andre\source\repos\TaskManager\client\dist\out-tsc\app\pages\home.component.spec.js.map
C:\Users\andre\source\repos\TaskManager\client\dist\out-tsc\app\pages\login-page.component.spec.js
C:\Users\andre\source\repos\TaskManager\client\dist\out-tsc\app\pages\login-page.component.spec.js.map
C:\Users\andre\source\repos\TaskManager\client\dist\out-tsc\app\pages\register.component.spec.js
C:\Users\andre\source\repos\TaskManager\client\dist\out-tsc\app\pages\register.component.spec.js.map
C:\Users\andre\source\repos\TaskManager\client\dist\out-tsc\app\pages\work-page.component.spec.js
C:\Users\andre\source\repos\TaskManager\client\dist\out-tsc\app\pages\work-page.component.spec.js.map
C:\Users\andre\source\repos\TaskManager\client\dist\out-tsc\app\services\auth-activate.service.spec.js
C:\Users\andre\source\repos\TaskManager\client\dist\out-tsc\app\services\auth-activate.service.spec.js.map
C:\Users\andre\source\repos\TaskManager\client\dist\out-tsc\app\services\auth-activated.service.spec.js
C:\Users\andre\source\repos\TaskManager\client\dist\out-tsc\app\services\auth-activated.service.spec.js.map
C:\Users\andre\source\repos\TaskManager\client\dist\out-tsc\app\services\storage.service.spec.js
C:\Users\andre\source\repos\TaskManager\client\dist\out-tsc\app\services\storage.service.spec.js.map
C:\Users\andre\source\repos\TaskManager\client\dist\out-tsc\app\shared\header\header.component.spec.js
C:\Users\andre\source\repos\TaskManager\client\dist\out-tsc\app\shared\header\header.component.spec.js.map
C:\Users\andre\source\repos\TaskManager\client\dist\out-tsc\environments\environment.prod.js
C:\Users\andre\source\repos\TaskManager\client\dist\out-tsc\environments\environment.prod.js.map
