C:\Users\andre\source\repos\TaskManager\client\dist\out-tsc\app\app.component.js
C:\Users\andre\source\repos\TaskManager\client\dist\out-tsc\app\app.component.js.map
C:\Users\andre\source\repos\TaskManager\client\dist\out-tsc\app\shared\LoginResults.js
C:\Users\andre\source\repos\TaskManager\client\dist\out-tsc\app\shared\LoginResults.js.map
C:\Users\andre\source\repos\TaskManager\client\dist\out-tsc\app\login-page\login-page.component.js
C:\Users\andre\source\repos\TaskManager\client\dist\out-tsc\app\login-page\login-page.component.js.map
C:\Users\andre\source\repos\TaskManager\client\dist\out-tsc\app\register\register.component.js
C:\Users\andre\source\repos\TaskManager\client\dist\out-tsc\app\register\register.component.js.map
C:\Users\andre\source\repos\TaskManager\client\dist\out-tsc\app\app.module.js
C:\Users\andre\source\repos\TaskManager\client\dist\out-tsc\app\app.module.js.map
C:\Users\andre\source\repos\TaskManager\client\dist\out-tsc\environments\environment.js
C:\Users\andre\source\repos\TaskManager\client\dist\out-tsc\environments\environment.js.map
C:\Users\andre\source\repos\TaskManager\client\dist\out-tsc\main.js
C:\Users\andre\source\repos\TaskManager\client\dist\out-tsc\main.js.map
C:\Users\andre\source\repos\TaskManager\client\dist\out-tsc\polyfills.js
C:\Users\andre\source\repos\TaskManager\client\dist\out-tsc\polyfills.js.map
C:\Users\andre\source\repos\TaskManager\client\dist\out-tsc\test.js
C:\Users\andre\source\repos\TaskManager\client\dist\out-tsc\test.js.map
C:\Users\andre\source\repos\TaskManager\client\dist\out-tsc\app\app.component.spec.js
C:\Users\andre\source\repos\TaskManager\client\dist\out-tsc\app\app.component.spec.js.map
C:\Users\andre\source\repos\TaskManager\client\dist\out-tsc\app\login-page\login-page.component.spec.js
C:\Users\andre\source\repos\TaskManager\client\dist\out-tsc\app\login-page\login-page.component.spec.js.map
C:\Users\andre\source\repos\TaskManager\client\dist\out-tsc\app\register\register.component.spec.js
C:\Users\andre\source\repos\TaskManager\client\dist\out-tsc\app\register\register.component.spec.js.map
C:\Users\andre\source\repos\TaskManager\client\dist\out-tsc\environments\environment.prod.js
C:\Users\andre\source\repos\TaskManager\client\dist\out-tsc\environments\environment.prod.js.map
